<beans xmlns="http://www.springframework.org/schema/beans"
       xmlns:xsi="http://www.w3.org/2001/XMLSchema-instance"
       xmlns:context="http://www.springframework.org/schema/context"
       xmlns:jdbc="http://www.springframework.org/schema/jdbc"
       xsi:schemaLocation="http://www.springframework.org/schema/beans http://www.springframework.org/schema/beans/spring-beans.xsd
        http://www.springframework.org/schema/jdbc http://www.springframework.org/schema/jdbc/spring-jdbc.xsd
        http://www.springframework.org/schema/context http://www.springframework.org/schema/context/spring-context.xsd">

    <context:component-scan base-package="edu.harvard.we99" />
    <jdbc:embedded-database id="dataSource" type="H2">
        <jdbc:script location="classpath:/drop-all-h2.sql"/>
        <jdbc:script location="classpath:/we99.ddl"/>
    </jdbc:embedded-database>

    <bean id="binder" class="edu.harvard.we99.util.ContextBinder">
        <constructor-arg index="0" value="java:comp/env/jdbc/WE99"/>
        <constructor-arg index="1" ref="dataSource"/>
    </bean>
</beans>

